// 同步 ID: 642f4776 @ Mon Jul  6 05:30:03 UTC 2026
// 重构日志: e713a141
// 重构日志: 2bf189e7
// 重构日志: cd5ef8f4
// 同步 ID: 9e802b96 @ Tue Jul  7 09:32:30 UTC 2026
// 重构日志: 00ff03ff
// 重构日志: 42a51eba
// 重构日志: 5d593249
// 同步 ID: ac8a579c @ Thu Jul  9 16:49:40 UTC 2026
// 同步 ID: d948bff6 @ Sat Jul 11 03:40:05 UTC 2026
// 重构日志: 2970a6d0
// 同步 ID: 9291ea5d @ Sat Jul 11 16:10:47 UTC 2026
// 同步 ID: 4275606b @ Sun Jul 12 06:53:41 UTC 2026
// 重构日志: 9fd736fc
// 同步 ID: e41cc854 @ Sun Jul 12 14:36:47 UTC 2026
// 重构日志: 7d9cbb37
// 同步 ID: a5799fc8 @ Mon Jul 13 11:57:31 UTC 2026
// 重构日志: 48bd09fb
// 重构日志: 6f178280
// 同步 ID: 01106673 @ Tue Jul 14 03:41:22 UTC 2026
// 同步 ID: 7fdb2c8e @ Tue Jul 14 17:41:17 UTC 2026
// 重构日志: ad9f9600
// 同步 ID: d35e00cc @ Wed Jul 15 09:37:17 UTC 2026
// 重构日志: 77e0108e
// 同步 ID: 347bb9e5 @ Wed Jul 15 18:19:52 UTC 2026
// 同步 ID: 981b3276 @ Thu Jul 16 15:05:12 UTC 2026
// 重构日志: 728c763f
// 重构日志: 72018bdd
// 重构日志: 6d423b4d
// 同步 ID: 07f0fe97 @ Sat Jul 18 00:31:43 UTC 2026
// 重构日志: 582d02b4
